<?xml version="1.0" encoding="utf-8"?><testsuites name="pytest tests"><testsuite name="pytest" errors="0" failures="0" skipped="0" tests="8" time="1.933" timestamp="2026-03-07T14:18:49.449804+00:00" hostname="agent-env-d6b2cabd-5605-4580-8ce5-49548d688ead"><testcase classname="test_new_features.TestProfileChanges" name="test_profile_shows_4km_pb" time="0.213" /><testcase classname="test_new_features.TestProfileChanges" name="test_profile_update_age_weight" time="0.514" /><testcase classname="test_new_features.TestMedalsSystem" name="test_get_medals_structure" time="0.107" /><testcase classname="test_new_features.TestMedalsSystem" name="test_medals_gold_targets" time="0.115" /><testcase classname="test_new_features.TestMedalsSystem" name="test_medals_gap_calculation" time="0.105" /><testcase classname="test_new_features.TestStravaIntegration" name="test_strava_profile_connected" time="0.349" /><testcase classname="test_new_features.TestStravaIntegration" name="test_strava_activities_scope_limitation" time="0.225" /><testcase classname="test_new_features.TestStravaIntegration" name="test_strava_sync_returns_scope_message" time="0.220" /></testsuite></testsuites>