<?xml version="1.0" encoding="utf-8"?><testsuites name="pytest tests"><testsuite name="pytest" errors="0" failures="0" skipped="0" tests="7" time="2.566" timestamp="2026-03-07T14:47:59.123276+00:00" hostname="agent-env-d6b2cabd-5605-4580-8ce5-49548d688ead"><testcase classname="test_strava_oauth.TestStravaOAuthFlow" name="test_strava_auth_url_endpoint" time="0.236" /><testcase classname="test_strava_oauth.TestStravaOAuthFlow" name="test_strava_exchange_code_endpoint_exists" time="0.613" /><testcase classname="test_strava_oauth.TestStravaOAuthFlow" name="test_strava_profile_after_token" time="0.340" /><testcase classname="test_strava_oauth.TestStravaOAuthFlow" name="test_strava_activities_needs_reauth" time="0.552" /><testcase classname="test_strava_oauth.TestStravaOAuthFlow" name="test_strava_sync_scope_limitation" time="0.494" /><testcase classname="test_strava_oauth.TestStravaOAuthURLDetails" name="test_oauth_url_has_all_required_params" time="0.167" /><testcase classname="test_strava_oauth.TestStravaOAuthURLDetails" name="test_oauth_url_scope_includes_activity_read_all" time="0.109" /></testsuite></testsuites>